[2023-07-27 12:39:41] Executing bootstrap tasks
[2023-07-27 12:39:41] OpenJDK Runtime Environment 17.0.7+7
[2023-07-27 12:39:41] Product org.eclipse.products.epp.package.java.2023-06
[2023-07-27 12:39:41] Bundle org.eclipse.oomph.setup 1.26.0.v20230416-0656, build=5945, branch=c5558820f367665758d4d719b7553a02ff4954e0
[2023-07-27 12:39:41] Bundle org.eclipse.oomph.setup.core 1.27.0.v20230402-0730, build=5945, branch=c5558820f367665758d4d719b7553a02ff4954e0
[2023-07-27 12:39:41] Bundle org.eclipse.oomph.setup.p2 1.19.0.v20230416-1150, build=5945, branch=c5558820f367665758d4d719b7553a02ff4954e0
[2023-07-27 12:39:41] Performing P2 Director (Eclipse IDE for Java Developers (2023-06) + JRE 20.0.1)
[2023-07-27 12:39:41] Offline = false
[2023-07-27 12:39:41] Mirrors = true
[2023-07-27 12:39:41] Resolving 27 requirements from 4 repositories to C:\Users\user\Desktop\javap\eclipse
[2023-07-27 12:39:41] Requirement org.eclipse.equinox.p2.iu:org.eclipse.justj.openjdk.hotspot.jre.full.feature.group (filter=(|(&(osgi.arch=aarch64)(osgi.os=linux))(&(osgi.arch=aarch64)(osgi.os=macosx))(&(osgi.arch=x86_64)(osgi.os=linux))(&(osgi.arch=x86_64)(osgi.os=macosx))(&(osgi.arch=x86_64)(osgi.os=win32))))
[2023-07-27 12:39:41] Requirement org.eclipse.equinox.p2.iu:epp.package.java [4.28.0,5.0.0) (filter=(|(&(osgi.arch=aarch64)(osgi.os=linux)(osgi.ws=gtk))(&(osgi.arch=aarch64)(osgi.os=macosx)(osgi.ws=cocoa))(&(osgi.arch=x86_64)(osgi.os=linux)(osgi.ws=gtk))(&(osgi.arch=x86_64)(osgi.os=macosx)(osgi.ws=cocoa))(&(osgi.arch=x86_64)(osgi.os=win32)(osgi.ws=win32))))
[2023-07-27 12:39:41] Requirement org.eclipse.equinox.p2.iu:org.eclipse.platform.feature.group [4.28.0,5.0.0)
[2023-07-27 12:39:41] Requirement org.eclipse.equinox.p2.iu:org.eclipse.rcp.feature.group [4.28.0,5.0.0)
[2023-07-27 12:39:41] Requirement org.eclipse.equinox.p2.iu:org.eclipse.buildship.feature.group
[2023-07-27 12:39:41] Requirement org.eclipse.equinox.p2.iu:org.eclipse.eclemma.feature.feature.group
[2023-07-27 12:39:41] Requirement org.eclipse.equinox.p2.iu:org.eclipse.egit.feature.group
[2023-07-27 12:39:41] Requirement org.eclipse.equinox.p2.iu:org.eclipse.epp.mpc.feature.group
[2023-07-27 12:39:41] Requirement org.eclipse.equinox.p2.iu:org.eclipse.jdt.bcoview.feature.feature.group
[2023-07-27 12:39:41] Requirement org.eclipse.equinox.p2.iu:org.eclipse.jdt.feature.group
[2023-07-27 12:39:41] Requirement org.eclipse.equinox.p2.iu:org.eclipse.jgit.feature.group
[2023-07-27 12:39:41] Requirement org.eclipse.equinox.p2.iu:org.eclipse.m2e.feature.feature.group
[2023-07-27 12:39:41] Requirement org.eclipse.equinox.p2.iu:org.eclipse.m2e.lemminx.feature.feature.group
[2023-07-27 12:39:41] Requirement org.eclipse.equinox.p2.iu:org.eclipse.m2e.logback.feature.feature.group
[2023-07-27 12:39:41] Requirement org.eclipse.equinox.p2.iu:org.eclipse.mylyn.commons.activity.feature.group
[2023-07-27 12:39:41] Requirement org.eclipse.equinox.p2.iu:org.eclipse.mylyn.egit.feature.feature.group
[2023-07-27 12:39:41] Requirement org.eclipse.equinox.p2.iu:org.eclipse.mylyn.git.feature.group
[2023-07-27 12:39:41] Requirement org.eclipse.equinox.p2.iu:org.eclipse.mylyn.github.feature.feature.group
[2023-07-27 12:39:41] Requirement org.eclipse.equinox.p2.iu:org.eclipse.mylyn.hudson.feature.group
[2023-07-27 12:39:41] Requirement org.eclipse.equinox.p2.iu:org.eclipse.mylyn.ide_feature.feature.group
[2023-07-27 12:39:41] Requirement org.eclipse.equinox.p2.iu:org.eclipse.mylyn.java_feature.feature.group
[2023-07-27 12:39:41] Requirement org.eclipse.equinox.p2.iu:org.eclipse.mylyn.reviews.feature.feature.group
[2023-07-27 12:39:41] Requirement org.eclipse.equinox.p2.iu:org.eclipse.mylyn.wikitext_feature.feature.group
[2023-07-27 12:39:41] Requirement org.eclipse.equinox.p2.iu:org.eclipse.tips.feature.feature.group
[2023-07-27 12:39:41] Requirement org.eclipse.equinox.p2.iu:org.eclipse.tm.terminal.feature.feature.group
[2023-07-27 12:39:41] Requirement org.eclipse.equinox.p2.iu:org.eclipse.wildwebdeveloper.xml.feature.feature.group
[2023-07-27 12:39:41] Requirement org.eclipse.equinox.p2.iu:org.eclipse.oomph.setup.feature.group
[2023-07-27 12:39:41] Repository https://download.eclipse.org/justj/jres/20/updates/release/latest
[2023-07-27 12:39:41] Repository https://download.eclipse.org/technology/epp/packages/2023-06/202306081200
[2023-07-27 12:39:41] Repository https://download.eclipse.org/releases/2023-06/202306141000
[2023-07-27 12:39:41] Repository https://download.eclipse.org/oomph/updates/milestone/latest
[2023-07-27 12:39:42] ERROR: org.eclipse.equinox.p2.transport.ecf code=1006 Unknown Host: https://download.eclipse.org/technology/epp/packages/2023-06/202306081200/content.xml
java.net.UnknownHostException: download.eclipse.org
  at java.base/java.net.InetAddress$CachedAddresses.get(Unknown Source)
  at java.base/java.net.InetAddress.getAllByName0(Unknown Source)
  at java.base/java.net.InetAddress.getAllByName(Unknown Source)
  at java.base/java.net.InetAddress.getAllByName(Unknown Source)
  at org.apache.hc.client5.http.SystemDefaultDnsResolver.resolve(SystemDefaultDnsResolver.java:43)
  at org.apache.hc.client5.http.impl.io.DefaultHttpClientConnectionOperator.connect(DefaultHttpClientConnectionOperator.java:118)
  at org.apache.hc.client5.http.impl.io.PoolingHttpClientConnectionManager.connect(PoolingHttpClientConnectionManager.java:396)
  at org.apache.hc.client5.http.impl.classic.InternalExecRuntime.connectEndpoint(InternalExecRuntime.java:158)
  at org.apache.hc.client5.http.impl.classic.InternalExecRuntime.connectEndpoint(InternalExecRuntime.java:168)
  at org.apache.hc.client5.http.impl.classic.ConnectExec.execute(ConnectExec.java:136)
  at org.apache.hc.client5.http.impl.classic.ExecChainElement.execute(ExecChainElement.java:51)
  at org.apache.hc.client5.http.impl.classic.ExecChainElement$1.proceed(ExecChainElement.java:57)
  at org.apache.hc.client5.http.impl.classic.ProtocolExec.execute(ProtocolExec.java:175)
  at org.apache.hc.client5.http.impl.classic.ExecChainElement.execute(ExecChainElement.java:51)
  at org.apache.hc.client5.http.impl.classic.ExecChainElement$1.proceed(ExecChainElement.java:57)
  at org.apache.hc.client5.http.impl.classic.HttpRequestRetryExec.execute(HttpRequestRetryExec.java:96)
  at org.apache.hc.client5.http.impl.classic.ExecChainElement.execute(ExecChainElement.java:51)
  at org.apache.hc.client5.http.impl.classic.ExecChainElement$1.proceed(ExecChainElement.java:57)
  at org.apache.hc.client5.http.impl.classic.ContentCompressionExec.execute(ContentCompressionExec.java:133)
  at org.apache.hc.client5.http.impl.classic.ExecChainElement.execute(ExecChainElement.java:51)
  at org.apache.hc.client5.http.impl.classic.ExecChainElement$1.proceed(ExecChainElement.java:57)
  at org.apache.hc.client5.http.impl.classic.RedirectExec.execute(RedirectExec.java:115)
  at org.apache.hc.client5.http.impl.classic.ExecChainElement.execute(ExecChainElement.java:51)
  at org.apache.hc.client5.http.impl.classic.InternalHttpClient.doExecute(InternalHttpClient.java:170)
  at org.apache.hc.client5.http.impl.classic.CloseableHttpClient.execute(CloseableHttpClient.java:75)
  at org.eclipse.ecf.provider.filetransfer.httpclient5.HttpClientFileSystemBrowser.runRequest(HttpClientFileSystemBrowser.java:251)
  at org.eclipse.ecf.provider.filetransfer.browse.AbstractFileSystemBrowser$DirectoryJob.run(AbstractFileSystemBrowser.java:71)
  at org.eclipse.core.internal.jobs.Worker.run(Worker.java:63)

[2023-07-27 12:39:42] 
[2023-07-27 12:39:46] Executing bootstrap tasks
[2023-07-27 12:39:46] OpenJDK Runtime Environment 17.0.7+7
[2023-07-27 12:39:46] Product org.eclipse.products.epp.package.java.2023-06
[2023-07-27 12:39:46] Bundle org.eclipse.oomph.setup 1.26.0.v20230416-0656, build=5945, branch=c5558820f367665758d4d719b7553a02ff4954e0
[2023-07-27 12:39:46] Bundle org.eclipse.oomph.setup.core 1.27.0.v20230402-0730, build=5945, branch=c5558820f367665758d4d719b7553a02ff4954e0
[2023-07-27 12:39:46] Bundle org.eclipse.oomph.setup.p2 1.19.0.v20230416-1150, build=5945, branch=c5558820f367665758d4d719b7553a02ff4954e0
[2023-07-27 12:39:46] Performing P2 Director (Eclipse IDE for Java Developers (2023-06) + JRE 20.0.1)
[2023-07-27 12:39:46] Offline = false
[2023-07-27 12:39:46] Mirrors = true
[2023-07-27 12:39:46] Resolving 27 requirements from 4 repositories to C:\Users\user\Desktop\javap\eclipse
[2023-07-27 12:39:46] Requirement org.eclipse.equinox.p2.iu:org.eclipse.justj.openjdk.hotspot.jre.full.feature.group (filter=(|(&(osgi.arch=aarch64)(osgi.os=linux))(&(osgi.arch=aarch64)(osgi.os=macosx))(&(osgi.arch=x86_64)(osgi.os=linux))(&(osgi.arch=x86_64)(osgi.os=macosx))(&(osgi.arch=x86_64)(osgi.os=win32))))
[2023-07-27 12:39:46] Requirement org.eclipse.equinox.p2.iu:epp.package.java [4.28.0,5.0.0) (filter=(|(&(osgi.arch=aarch64)(osgi.os=linux)(osgi.ws=gtk))(&(osgi.arch=aarch64)(osgi.os=macosx)(osgi.ws=cocoa))(&(osgi.arch=x86_64)(osgi.os=linux)(osgi.ws=gtk))(&(osgi.arch=x86_64)(osgi.os=macosx)(osgi.ws=cocoa))(&(osgi.arch=x86_64)(osgi.os=win32)(osgi.ws=win32))))
[2023-07-27 12:39:46] Requirement org.eclipse.equinox.p2.iu:org.eclipse.platform.feature.group [4.28.0,5.0.0)
[2023-07-27 12:39:46] Requirement org.eclipse.equinox.p2.iu:org.eclipse.rcp.feature.group [4.28.0,5.0.0)
[2023-07-27 12:39:46] Requirement org.eclipse.equinox.p2.iu:org.eclipse.buildship.feature.group
[2023-07-27 12:39:46] Requirement org.eclipse.equinox.p2.iu:org.eclipse.eclemma.feature.feature.group
[2023-07-27 12:39:46] Requirement org.eclipse.equinox.p2.iu:org.eclipse.egit.feature.group
[2023-07-27 12:39:46] Requirement org.eclipse.equinox.p2.iu:org.eclipse.epp.mpc.feature.group
[2023-07-27 12:39:46] Requirement org.eclipse.equinox.p2.iu:org.eclipse.jdt.bcoview.feature.feature.group
[2023-07-27 12:39:46] Requirement org.eclipse.equinox.p2.iu:org.eclipse.jdt.feature.group
[2023-07-27 12:39:46] Requirement org.eclipse.equinox.p2.iu:org.eclipse.jgit.feature.group
[2023-07-27 12:39:46] Requirement org.eclipse.equinox.p2.iu:org.eclipse.m2e.feature.feature.group
[2023-07-27 12:39:46] Requirement org.eclipse.equinox.p2.iu:org.eclipse.m2e.lemminx.feature.feature.group
[2023-07-27 12:39:46] Requirement org.eclipse.equinox.p2.iu:org.eclipse.m2e.logback.feature.feature.group
[2023-07-27 12:39:46] Requirement org.eclipse.equinox.p2.iu:org.eclipse.mylyn.commons.activity.feature.group
[2023-07-27 12:39:46] Requirement org.eclipse.equinox.p2.iu:org.eclipse.mylyn.egit.feature.feature.group
[2023-07-27 12:39:46] Requirement org.eclipse.equinox.p2.iu:org.eclipse.mylyn.git.feature.group
[2023-07-27 12:39:46] Requirement org.eclipse.equinox.p2.iu:org.eclipse.mylyn.github.feature.feature.group
[2023-07-27 12:39:46] Requirement org.eclipse.equinox.p2.iu:org.eclipse.mylyn.hudson.feature.group
[2023-07-27 12:39:46] Requirement org.eclipse.equinox.p2.iu:org.eclipse.mylyn.ide_feature.feature.group
[2023-07-27 12:39:46] Requirement org.eclipse.equinox.p2.iu:org.eclipse.mylyn.java_feature.feature.group
[2023-07-27 12:39:46] Requirement org.eclipse.equinox.p2.iu:org.eclipse.mylyn.reviews.feature.feature.group
[2023-07-27 12:39:46] Requirement org.eclipse.equinox.p2.iu:org.eclipse.mylyn.wikitext_feature.feature.group
[2023-07-27 12:39:46] Requirement org.eclipse.equinox.p2.iu:org.eclipse.tips.feature.feature.group
[2023-07-27 12:39:46] Requirement org.eclipse.equinox.p2.iu:org.eclipse.tm.terminal.feature.feature.group
[2023-07-27 12:39:46] Requirement org.eclipse.equinox.p2.iu:org.eclipse.wildwebdeveloper.xml.feature.feature.group
[2023-07-27 12:39:46] Requirement org.eclipse.equinox.p2.iu:org.eclipse.oomph.setup.feature.group
[2023-07-27 12:39:46] Repository https://download.eclipse.org/justj/jres/20/updates/release/latest
[2023-07-27 12:39:46] Repository https://download.eclipse.org/technology/epp/packages/2023-06/202306081200
[2023-07-27 12:39:46] Repository https://download.eclipse.org/releases/2023-06/202306141000
[2023-07-27 12:39:46] Repository https://download.eclipse.org/oomph/updates/milestone/latest
[2023-07-27 12:39:46] ERROR: org.eclipse.equinox.p2.transport.ecf code=1006 Unknown Host: https://download.eclipse.org/technology/epp/packages/2023-06/202306081200/content.xml
java.net.UnknownHostException: download.eclipse.org
  at java.base/java.net.InetAddress$CachedAddresses.get(Unknown Source)
  at java.base/java.net.InetAddress.getAllByName0(Unknown Source)
  at java.base/java.net.InetAddress.getAllByName(Unknown Source)
  at java.base/java.net.InetAddress.getAllByName(Unknown Source)
  at org.apache.hc.client5.http.SystemDefaultDnsResolver.resolve(SystemDefaultDnsResolver.java:43)
  at org.apache.hc.client5.http.impl.io.DefaultHttpClientConnectionOperator.connect(DefaultHttpClientConnectionOperator.java:118)
  at org.apache.hc.client5.http.impl.io.PoolingHttpClientConnectionManager.connect(PoolingHttpClientConnectionManager.java:396)
  at org.apache.hc.client5.http.impl.classic.InternalExecRuntime.connectEndpoint(InternalExecRuntime.java:158)
  at org.apache.hc.client5.http.impl.classic.InternalExecRuntime.connectEndpoint(InternalExecRuntime.java:168)
  at org.apache.hc.client5.http.impl.classic.ConnectExec.execute(ConnectExec.java:136)
  at org.apache.hc.client5.http.impl.classic.ExecChainElement.execute(ExecChainElement.java:51)
  at org.apache.hc.client5.http.impl.classic.ExecChainElement$1.proceed(ExecChainElement.java:57)
  at org.apache.hc.client5.http.impl.classic.ProtocolExec.execute(ProtocolExec.java:175)
  at org.apache.hc.client5.http.impl.classic.ExecChainElement.execute(ExecChainElement.java:51)
  at org.apache.hc.client5.http.impl.classic.ExecChainElement$1.proceed(ExecChainElement.java:57)
  at org.apache.hc.client5.http.impl.classic.HttpRequestRetryExec.execute(HttpRequestRetryExec.java:96)
  at org.apache.hc.client5.http.impl.classic.ExecChainElement.execute(ExecChainElement.java:51)
  at org.apache.hc.client5.http.impl.classic.ExecChainElement$1.proceed(ExecChainElement.java:57)
  at org.apache.hc.client5.http.impl.classic.ContentCompressionExec.execute(ContentCompressionExec.java:133)
  at org.apache.hc.client5.http.impl.classic.ExecChainElement.execute(ExecChainElement.java:51)
  at org.apache.hc.client5.http.impl.classic.ExecChainElement$1.proceed(ExecChainElement.java:57)
  at org.apache.hc.client5.http.impl.classic.RedirectExec.execute(RedirectExec.java:115)
  at org.apache.hc.client5.http.impl.classic.ExecChainElement.execute(ExecChainElement.java:51)
  at org.apache.hc.client5.http.impl.classic.InternalHttpClient.doExecute(InternalHttpClient.java:170)
  at org.apache.hc.client5.http.impl.classic.CloseableHttpClient.execute(CloseableHttpClient.java:75)
  at org.eclipse.ecf.provider.filetransfer.httpclient5.HttpClientFileSystemBrowser.runRequest(HttpClientFileSystemBrowser.java:251)
  at org.eclipse.ecf.provider.filetransfer.browse.AbstractFileSystemBrowser$DirectoryJob.run(AbstractFileSystemBrowser.java:71)
  at org.eclipse.core.internal.jobs.Worker.run(Worker.java:63)

[2023-07-27 12:39:46] 
[2023-07-27 12:40:16] Executing bootstrap tasks
[2023-07-27 12:40:16] OpenJDK Runtime Environment 17.0.7+7
[2023-07-27 12:40:16] Product org.eclipse.products.epp.package.java.2023-06
[2023-07-27 12:40:16] Bundle org.eclipse.oomph.setup 1.26.0.v20230416-0656, build=5945, branch=c5558820f367665758d4d719b7553a02ff4954e0
[2023-07-27 12:40:16] Bundle org.eclipse.oomph.setup.core 1.27.0.v20230402-0730, build=5945, branch=c5558820f367665758d4d719b7553a02ff4954e0
[2023-07-27 12:40:16] Bundle org.eclipse.oomph.setup.p2 1.19.0.v20230416-1150, build=5945, branch=c5558820f367665758d4d719b7553a02ff4954e0
[2023-07-27 12:40:16] Performing P2 Director (Eclipse IDE for Java Developers (2023-06) + JRE 17.0.7)
[2023-07-27 12:40:16] Offline = false
[2023-07-27 12:40:16] Mirrors = true
[2023-07-27 12:40:16] Resolving 27 requirements from 4 repositories to C:\Users\user\Desktop\javap\eclipse
[2023-07-27 12:40:16] Requirement org.eclipse.equinox.p2.iu:org.eclipse.justj.openjdk.hotspot.jre.full.feature.group (filter=(|(&(osgi.arch=aarch64)(osgi.os=linux))(&(osgi.arch=aarch64)(osgi.os=macosx))(&(osgi.arch=x86_64)(osgi.os=linux))(&(osgi.arch=x86_64)(osgi.os=macosx))(&(osgi.arch=x86_64)(osgi.os=win32))))
[2023-07-27 12:40:16] Requirement org.eclipse.equinox.p2.iu:epp.package.java [4.28.0,5.0.0) (filter=(|(&(osgi.arch=aarch64)(osgi.os=linux)(osgi.ws=gtk))(&(osgi.arch=aarch64)(osgi.os=macosx)(osgi.ws=cocoa))(&(osgi.arch=x86_64)(osgi.os=linux)(osgi.ws=gtk))(&(osgi.arch=x86_64)(osgi.os=macosx)(osgi.ws=cocoa))(&(osgi.arch=x86_64)(osgi.os=win32)(osgi.ws=win32))))
[2023-07-27 12:40:16] Requirement org.eclipse.equinox.p2.iu:org.eclipse.platform.feature.group [4.28.0,5.0.0)
[2023-07-27 12:40:16] Requirement org.eclipse.equinox.p2.iu:org.eclipse.rcp.feature.group [4.28.0,5.0.0)
[2023-07-27 12:40:16] Requirement org.eclipse.equinox.p2.iu:org.eclipse.buildship.feature.group
[2023-07-27 12:40:16] Requirement org.eclipse.equinox.p2.iu:org.eclipse.eclemma.feature.feature.group
[2023-07-27 12:40:16] Requirement org.eclipse.equinox.p2.iu:org.eclipse.egit.feature.group
[2023-07-27 12:40:16] Requirement org.eclipse.equinox.p2.iu:org.eclipse.epp.mpc.feature.group
[2023-07-27 12:40:16] Requirement org.eclipse.equinox.p2.iu:org.eclipse.jdt.bcoview.feature.feature.group
[2023-07-27 12:40:16] Requirement org.eclipse.equinox.p2.iu:org.eclipse.jdt.feature.group
[2023-07-27 12:40:16] Requirement org.eclipse.equinox.p2.iu:org.eclipse.jgit.feature.group
[2023-07-27 12:40:16] Requirement org.eclipse.equinox.p2.iu:org.eclipse.m2e.feature.feature.group
[2023-07-27 12:40:16] Requirement org.eclipse.equinox.p2.iu:org.eclipse.m2e.lemminx.feature.feature.group
[2023-07-27 12:40:16] Requirement org.eclipse.equinox.p2.iu:org.eclipse.m2e.logback.feature.feature.group
[2023-07-27 12:40:16] Requirement org.eclipse.equinox.p2.iu:org.eclipse.mylyn.commons.activity.feature.group
[2023-07-27 12:40:16] Requirement org.eclipse.equinox.p2.iu:org.eclipse.mylyn.egit.feature.feature.group
[2023-07-27 12:40:16] Requirement org.eclipse.equinox.p2.iu:org.eclipse.mylyn.git.feature.group
[2023-07-27 12:40:16] Requirement org.eclipse.equinox.p2.iu:org.eclipse.mylyn.github.feature.feature.group
[2023-07-27 12:40:16] Requirement org.eclipse.equinox.p2.iu:org.eclipse.mylyn.hudson.feature.group
[2023-07-27 12:40:16] Requirement org.eclipse.equinox.p2.iu:org.eclipse.mylyn.ide_feature.feature.group
[2023-07-27 12:40:16] Requirement org.eclipse.equinox.p2.iu:org.eclipse.mylyn.java_feature.feature.group
[2023-07-27 12:40:16] Requirement org.eclipse.equinox.p2.iu:org.eclipse.mylyn.reviews.feature.feature.group
[2023-07-27 12:40:16] Requirement org.eclipse.equinox.p2.iu:org.eclipse.mylyn.wikitext_feature.feature.group
[2023-07-27 12:40:16] Requirement org.eclipse.equinox.p2.iu:org.eclipse.tips.feature.feature.group
[2023-07-27 12:40:16] Requirement org.eclipse.equinox.p2.iu:org.eclipse.tm.terminal.feature.feature.group
[2023-07-27 12:40:16] Requirement org.eclipse.equinox.p2.iu:org.eclipse.wildwebdeveloper.xml.feature.feature.group
[2023-07-27 12:40:16] Requirement org.eclipse.equinox.p2.iu:org.eclipse.oomph.setup.feature.group
[2023-07-27 12:40:16] Repository https://download.eclipse.org/justj/jres/17/updates/release/latest
[2023-07-27 12:40:16] Repository https://download.eclipse.org/technology/epp/packages/2023-06/202306081200
[2023-07-27 12:40:16] Repository https://download.eclipse.org/releases/2023-06/202306141000
[2023-07-27 12:40:16] Repository https://download.eclipse.org/oomph/updates/milestone/latest
[2023-07-27 12:40:16] ERROR: org.eclipse.equinox.p2.transport.ecf code=1006 Unknown Host: https://download.eclipse.org/releases/2023-06/202306141000/content.xml
java.net.UnknownHostException: download.eclipse.org
  at java.base/java.net.InetAddress$CachedAddresses.get(Unknown Source)
  at java.base/java.net.InetAddress.getAllByName0(Unknown Source)
  at java.base/java.net.InetAddress.getAllByName(Unknown Source)
  at java.base/java.net.InetAddress.getAllByName(Unknown Source)
  at org.apache.hc.client5.http.SystemDefaultDnsResolver.resolve(SystemDefaultDnsResolver.java:43)
  at org.apache.hc.client5.http.impl.io.DefaultHttpClientConnectionOperator.connect(DefaultHttpClientConnectionOperator.java:118)
  at org.apache.hc.client5.http.impl.io.PoolingHttpClientConnectionManager.connect(PoolingHttpClientConnectionManager.java:396)
  at org.apache.hc.client5.http.impl.classic.InternalExecRuntime.connectEndpoint(InternalExecRuntime.java:158)
  at org.apache.hc.client5.http.impl.classic.InternalExecRuntime.connectEndpoint(InternalExecRuntime.java:168)
  at org.apache.hc.client5.http.impl.classic.ConnectExec.execute(ConnectExec.java:136)
  at org.apache.hc.client5.http.impl.classic.ExecChainElement.execute(ExecChainElement.java:51)
  at org.apache.hc.client5.http.impl.classic.ExecChainElement$1.proceed(ExecChainElement.java:57)
  at org.apache.hc.client5.http.impl.classic.ProtocolExec.execute(ProtocolExec.java:175)
  at org.apache.hc.client5.http.impl.classic.ExecChainElement.execute(ExecChainElement.java:51)
  at org.apache.hc.client5.http.impl.classic.ExecChainElement$1.proceed(ExecChainElement.java:57)
  at org.apache.hc.client5.http.impl.classic.HttpRequestRetryExec.execute(HttpRequestRetryExec.java:96)
  at org.apache.hc.client5.http.impl.classic.ExecChainElement.execute(ExecChainElement.java:51)
  at org.apache.hc.client5.http.impl.classic.ExecChainElement$1.proceed(ExecChainElement.java:57)
  at org.apache.hc.client5.http.impl.classic.ContentCompressionExec.execute(ContentCompressionExec.java:133)
  at org.apache.hc.client5.http.impl.classic.ExecChainElement.execute(ExecChainElement.java:51)
  at org.apache.hc.client5.http.impl.classic.ExecChainElement$1.proceed(ExecChainElement.java:57)
  at org.apache.hc.client5.http.impl.classic.RedirectExec.execute(RedirectExec.java:115)
  at org.apache.hc.client5.http.impl.classic.ExecChainElement.execute(ExecChainElement.java:51)
  at org.apache.hc.client5.http.impl.classic.InternalHttpClient.doExecute(InternalHttpClient.java:170)
  at org.apache.hc.client5.http.impl.classic.CloseableHttpClient.execute(CloseableHttpClient.java:75)
  at org.eclipse.ecf.provider.filetransfer.httpclient5.HttpClientFileSystemBrowser.runRequest(HttpClientFileSystemBrowser.java:251)
  at org.eclipse.ecf.provider.filetransfer.browse.AbstractFileSystemBrowser$DirectoryJob.run(AbstractFileSystemBrowser.java:71)
  at org.eclipse.core.internal.jobs.Worker.run(Worker.java:63)

[2023-07-27 12:40:16] 
